1 lstm 256
INFO - 2021-03-24 00:33:21 Program start time
INFO - Experiment: Classify poems, batch size 512
INFO - The log file is classify_poet_20210324-003321.log
INFO - Bach size 256
INFO - Epochs 100
INFO - Latent dim 64
INFO - Number of samples: 99999
INFO - Max sequence length: 102
INFO - Number of tokens: 47
INFO - Number of classes: 10
INFO - Train samples 85000
INFO - Test samples 14999
INFO - Class weights: {0: 0.9983556495184402, 1: 0.9871095110904656, 2: 1.0024767071588632, 3: 0.9946173648490522, 4: 1.0049657129345, 5: 0.9960159362549801, 6: 1.0015317544479794, 7: 1.007944978062374, 8: 1.0016497761018148, 9: 1.0056791292001892}
INFO - 2021-03-24 00:33:26 Training start time
INFO - 2021-03-24 11:39:58 Training end time
INFO - Training time duration: 39991.501714 seconds
INFO - Epoch val_loss val_acc loss acc
INFO - Epoch 1 : 1.3553699254989624 0.4118235409259796 1.6182518005371094 0.33529412746429443
INFO - Epoch 2 : 1.2548335790634155 0.4327647089958191 1.2951644659042358 0.43185293674468994
INFO - Epoch 3 : 1.195533275604248 0.48847058415412903 1.2185426950454712 0.46320587396621704
INFO - Epoch 4 : 1.1352136135101318 0.5135294198989868 1.1747539043426514 0.49201470613479614
INFO - Epoch 5 : 1.0610049962997437 0.548764705657959 1.109836459159851 0.5333235263824463
INFO - Epoch 6 : 0.9934194684028625 0.5872941017150879 1.0424216985702515 0.5630882382392883
INFO - Epoch 7 : 0.9661826491355896 0.5988823771476746 0.9990882277488708 0.5833529233932495
INFO - Epoch 8 : 0.9158309102058411 0.6217647194862366 0.9617345929145813 0.60292649269104
INFO - Epoch 9 : 0.8933707475662231 0.6349411606788635 0.9294341206550598 0.6185588240623474
INFO - Epoch 10 : 0.8666746616363525 0.648941159248352 0.9032881855964661 0.6322647333145142
INFO - Epoch 11 : 0.8459991216659546 0.6594117879867554 0.8827367424964905 0.6398235559463501
INFO - Epoch 12 : 0.8504048585891724 0.654411792755127 0.8636316657066345 0.6510735154151917
INFO - Epoch 13 : 0.8104158639907837 0.6741176247596741 0.8464316725730896 0.6563823819160461
INFO - Epoch 14 : 0.8087986707687378 0.6749411821365356 0.8326546549797058 0.6635441184043884
INFO - Epoch 15 : 0.7967188954353333 0.6812353134155273 0.8185864090919495 0.6686176657676697
INFO - Epoch 16 : 0.7757091522216797 0.6904117465019226 0.8027921319007874 0.6788676381111145
INFO - Epoch 17 : 0.7668924331665039 0.6899999976158142 0.7926990389823914 0.6807500123977661
INFO - Epoch 18 : 0.757434606552124 0.6967058777809143 0.7795674204826355 0.6843382120132446
INFO - Epoch 19 : 0.744010865688324 0.7028235197067261 0.7693977355957031 0.6919705867767334
INFO - Epoch 20 : 0.7475138902664185 0.7003529667854309 0.7577177286148071 0.6966323256492615
INFO - Epoch 21 : 0.7349386215209961 0.7062941193580627 0.7483576536178589 0.6997647285461426
INFO - Epoch 22 : 0.7197622656822205 0.7112941145896912 0.7388242483139038 0.7041911482810974
INFO - Epoch 23 : 0.7082033157348633 0.7169411778450012 0.7291423678398132 0.7079558968544006
INFO - Epoch 24 : 0.7151658535003662 0.7126470804214478 0.7205429673194885 0.7128823399543762
INFO - Epoch 25 : 0.7022972702980042 0.7182941436767578 0.7134436368942261 0.7144264578819275
INFO - Epoch 26 : 0.6961916089057922 0.722529411315918 0.7022069692611694 0.7196323275566101
INFO - Epoch 27 : 0.6838931441307068 0.7274117469787598 0.6975235342979431 0.7206323742866516
INFO - Epoch 28 : 0.6843031048774719 0.7257058620452881 0.6899673938751221 0.7237941026687622
INFO - Epoch 29 : 0.6809809803962708 0.7284705638885498 0.6837566494941711 0.7278235554695129
INFO - Epoch 30 : 0.6675854325294495 0.7318235039710999 0.6785601377487183 0.7279558777809143
INFO - Epoch 31 : 0.6658436059951782 0.7375882267951965 0.6703883409500122 0.7317647337913513
INFO - Epoch 32 : 0.657717764377594 0.7393529415130615 0.6638253927230835 0.7356764674186707
INFO - Epoch 33 : 0.6520717740058899 0.7402352690696716 0.658867359161377 0.7363529205322266
INFO - Epoch 34 : 0.656709611415863 0.7391176223754883 0.6536562442779541 0.7401176691055298
INFO - Epoch 35 : 0.6480317115783691 0.7439411878585815 0.6492884159088135 0.7422794103622437
INFO - Epoch 36 : 0.646697998046875 0.7434117794036865 0.6428918242454529 0.7431617379188538
INFO - Epoch 37 : 0.6367621421813965 0.746999979019165 0.6382165551185608 0.7463088035583496
INFO - Epoch 38 : 0.6398457884788513 0.7475293874740601 0.6322498917579651 0.7475735545158386
INFO - Epoch 39 : 0.6322141289710999 0.7488823533058167 0.6295081973075867 0.7492647171020508
INFO - Epoch 40 : 0.6280838847160339 0.750705897808075 0.623306930065155 0.7524411678314209
INFO - Epoch 41 : 0.6346390843391418 0.7494117617607117 0.6204549074172974 0.7551911473274231
INFO - Epoch 42 : 0.6265567541122437 0.7523529529571533 0.6131550073623657 0.7577058672904968
INFO - Epoch 43 : 0.6189984679222107 0.7561176419258118 0.6114546060562134 0.7584705948829651
INFO - Epoch 44 : 0.6205404996871948 0.7557647228240967 0.606343150138855 0.7610882520675659
INFO - Epoch 45 : 0.6132614612579346 0.7572941184043884 0.602190375328064 0.7622058987617493
INFO - Epoch 46 : 0.6141604781150818 0.756352961063385 0.60093092918396 0.7616323232650757
INFO - Epoch 47 : 0.6087475419044495 0.7597647309303284 0.594738781452179 0.7652353048324585
INFO - Epoch 48 : 0.61140376329422 0.7594705820083618 0.5927621722221375 0.7637059092521667
INFO - Epoch 49 : 0.6038535833358765 0.7604117393493652 0.5900241732597351 0.7670882344245911
INFO - Epoch 50 : 0.6030216217041016 0.7642353177070618 0.5855452418327332 0.768750011920929
INFO - Epoch 51 : 0.6010175347328186 0.7646470665931702 0.5824440717697144 0.7714117765426636
INFO - Epoch 52 : 0.5981994271278381 0.7651764750480652 0.5833386778831482 0.7694705724716187
INFO - Epoch 53 : 0.5973384976387024 0.7658823728561401 0.5780868530273438 0.7716029286384583
INFO - Epoch 54 : 0.5938035249710083 0.7676470875740051 0.5731379389762878 0.7728676199913025
INFO - Epoch 55 : 0.5940679907798767 0.7670588493347168 0.5717529654502869 0.7753823399543762
INFO - Epoch 56 : 0.5818113684654236 0.772882342338562 0.5684660077095032 0.7771617770195007
INFO - Epoch 57 : 0.5874493718147278 0.7697058916091919 0.5665935277938843 0.7760735154151917
INFO - Epoch 58 : 0.6033014059066772 0.7648823261260986 0.5643922686576843 0.7779411673545837
INFO - Epoch 59 : 0.5978665947914124 0.7660588026046753 0.5603548288345337 0.7796911597251892
INFO - Epoch 60 : 0.5854801535606384 0.7744705677032471 0.554499089717865 0.7815882563591003
INFO - Epoch 61 : 0.5813465118408203 0.7738234996795654 0.5550093054771423 0.7822794318199158
INFO - Epoch 62 : 0.5785672068595886 0.7745293974876404 0.5535902380943298 0.7825882434844971
INFO - Epoch 63 : 0.5789152383804321 0.7757647037506104 0.549904465675354 0.7841029167175293
INFO - Epoch 64 : 0.5777168273925781 0.7757647037506104 0.5466183423995972 0.7852647304534912
INFO - Epoch 65 : 0.5822914242744446 0.7738823294639587 0.5444678068161011 0.7862794399261475
INFO - Epoch 66 : 0.576594352722168 0.7760588526725769 0.5441302061080933 0.7852941155433655
INFO - Epoch 67 : 0.5743460059165955 0.776411771774292 0.5415493845939636 0.787573516368866
INFO - Epoch 68 : 0.5709522366523743 0.7785882353782654 0.5364986658096313 0.7900735139846802
INFO - Epoch 69 : 0.5762834548950195 0.7768823504447937 0.5388320684432983 0.7875146865844727
INFO - Epoch 70 : 0.575219988822937 0.7773529291152954 0.5338042378425598 0.792411744594574
INFO - Epoch 71 : 0.5802493691444397 0.7786470651626587 0.5317584872245789 0.7912499904632568
INFO - Epoch 78 : 0.570310115814209 0.7799999713897705 0.5197213292121887 0.7963823676109314
INFO - Epoch 79 : 0.5697668790817261 0.7815882563591003 0.5165606737136841 0.7965146899223328
INFO - Epoch 80 : 0.5624756813049316 0.7835882306098938 0.5183216333389282 0.7963529229164124
INFO - Epoch 81 : 0.567105233669281 0.7814705967903137 0.5154122710227966 0.7985000014305115
INFO - Epoch 82 : 0.5584708452224731 0.7857646942138672 0.5140231251716614 0.7993088364601135
INFO - Epoch 83 : 0.5589190721511841 0.7844117879867554 0.5108639597892761 0.8000441193580627
INFO - Epoch 84 : 0.5594530701637268 0.7844706177711487 0.5115281343460083 0.8000147342681885
INFO - Epoch 85 : 0.5608985424041748 0.7851176261901855 0.5104525089263916 0.800073504447937
INFO - Epoch 86 : 0.5623089075088501 0.7827059030532837 0.5053685307502747 0.8016323447227478
INFO - 2021-03-24 11:39:58 Testing ...
INFO - Loss on the test set 0.5452529788017273
INFO - Accuracy on the test set 0.7901859879493713
INFO - 2021-03-24 11:43:07 Program end time
INFO - Program time duration: 40186.615564 seconds
              precision    recall  f1-score   support

           0     0.7159    0.6494    0.6810      1486
           1     0.7689    0.6753    0.7190      1389
           2     0.9587    0.9461    0.9523      1521
           3     0.9911    0.9917    0.9914      1454
           4     0.8374    0.7923    0.8143      1541
           5     0.6153    0.6917    0.6513      1466
           6     0.6846    0.7416    0.7119      1513
           7     0.7993    0.8232    0.8111      1567
           8     0.6898    0.6948    0.6923      1514
           9     0.8605    0.8844    0.8723      1548

    accuracy                         0.7902     14999
   macro avg     0.7921    0.7891    0.7897     14999
weighted avg     0.7926    0.7902    0.7905     14999

2021-03-24 11:43:07 Program end time
Program time duration: 40186.615564 seconds
